<?xml version="1.0" encoding="UTF-8"?>
<!-- Generated by org.testng.reporters.JUnitXMLReporter -->
<testsuite ignored="1" hostname="INDELNB1456" failures="0" tests="1" name="Test" time="17.906" errors="0" timestamp="2024-03-10T16:52:01 IST">
  <testcase classname="vikaschaurasiatest.SeleniumFrameworkDesign.Ecommerce" name="Ecommerce" time="17.822"/>
  <testcase classname="vikaschaurasiatest.SeleniumFrameworkDesign.Ecommerce" name="negativeTest" time="0.0">
    <ignored/>
  </testcase> <!-- negativeTest -->
</testsuite> <!-- Test -->
