<?xml version="1.0" encoding="UTF-8"?>
<testng-results ignored="0" total="1" passed="1" failed="0" skipped="0">
  <reporter-output>
  </reporter-output>
  <suite started-at="2024-03-10T16:51:42 IST" name="Suite" finished-at="2024-03-10T16:52:00 IST" duration-ms="17906">
    <groups>
    </groups>
    <test started-at="2024-03-10T16:51:42 IST" name="Test" finished-at="2024-03-10T16:52:00 IST" duration-ms="17906">
      <class name="vikaschaurasiatest.SeleniumFrameworkDesign.Ecommerce">
        <test-method signature="Ecommerce()[pri:0, instance:vikaschaurasiatest.SeleniumFrameworkDesign.Ecommerce@632ceb35]" started-at="2024-03-10T16:51:42 IST" name="Ecommerce" finished-at="2024-03-10T16:52:00 IST" duration-ms="17822" status="PASS">
          <reporter-output>
          </reporter-output>
        </test-method> <!-- Ecommerce -->
        <test-method is-config="true" signature="closeBrowser()[pri:0, instance:vikaschaurasiatest.SeleniumFrameworkDesign.Ecommerce@632ceb35]" started-at="2024-03-10T16:52:00 IST" name="closeBrowser" finished-at="2024-03-10T16:52:00 IST" duration-ms="6" status="PASS">
          <reporter-output>
          </reporter-output>
        </test-method> <!-- closeBrowser -->
      </class> <!-- vikaschaurasiatest.SeleniumFrameworkDesign.Ecommerce -->
    </test> <!-- Test -->
  </suite> <!-- Suite -->
</testng-results>
