<?xml version="1.0" encoding="UTF-8"?>
<testng-results ignored="1" total="2" passed="1" failed="0" skipped="0">
  <reporter-output>
  </reporter-output>
  <suite started-at="2024-03-10T16:35:37 IST" name="Suite" finished-at="2024-03-10T16:35:45 IST" duration-ms="8186">
    <groups>
    </groups>
    <test started-at="2024-03-10T16:35:37 IST" name="Test" finished-at="2024-03-10T16:35:45 IST" duration-ms="8186">
      <class name="vikaschaurasiatest.SeleniumFrameworkDesign.Ecommerce">
        <test-method signature="Ecommerce()[pri:0, instance:vikaschaurasiatest.SeleniumFrameworkDesign.Ecommerce@5c2375a9]" started-at="2024-03-10T16:35:37 IST" name="Ecommerce" finished-at="2024-03-10T16:35:45 IST" duration-ms="8137" status="PASS">
          <reporter-output>
          </reporter-output>
        </test-method> <!-- Ecommerce -->
        <test-method is-config="true" signature="closeBrowser()[pri:0, instance:vikaschaurasiatest.SeleniumFrameworkDesign.Ecommerce@5c2375a9]" started-at="2024-03-10T16:35:45 IST" name="closeBrowser" finished-at="2024-03-10T16:35:45 IST" duration-ms="0" status="PASS">
          <reporter-output>
          </reporter-output>
        </test-method> <!-- closeBrowser -->
      </class> <!-- vikaschaurasiatest.SeleniumFrameworkDesign.Ecommerce -->
    </test> <!-- Test -->
  </suite> <!-- Suite -->
</testng-results>
